c:\users\brady\documents\visual studio 2013\projects\arcane-engine\arcane engine core\debug\vc120.pdb
c:\users\brady\documents\visual studio 2013\projects\arcane-engine\arcane engine core\debug\vc120.idb
c:\users\brady\documents\visual studio 2013\projects\arcane-engine\arcane engine core\debug\fpscamera.obj
c:\users\brady\documents\visual studio 2013\projects\arcane-engine\arcane engine core\debug\shader.obj
c:\users\brady\documents\visual studio 2013\projects\arcane-engine\arcane engine core\debug\window.obj
c:\users\brady\documents\visual studio 2013\projects\arcane-engine\arcane engine core\debug\main.obj
c:\users\brady\documents\visual studio 2013\projects\arcane-engine\arcane engine core\debug\fileutils.obj
c:\users\brady\documents\visual studio 2013\projects\arcane-engine\arcane engine core\debug\time.obj
c:\users\brady\documents\visual studio 2013\projects\arcane-engine\arcane engine core\debug\timer.obj
c:\users\brady\documents\visual studio 2013\projects\arcane-engine\debug\arcane engine core.ilk
c:\users\brady\documents\visual studio 2013\projects\arcane-engine\debug\arcane engine core.exe
c:\users\brady\documents\visual studio 2013\projects\arcane-engine\debug\arcane engine core.pdb
c:\users\brady\documents\visual studio 2013\projects\arcane-engine\arcane engine core\debug\basiccamera.obj
c:\users\brady\documents\visual studio 2013\projects\arcane-engine\arcane engine core\debug\mat4.obj
c:\users\brady\documents\visual studio 2013\projects\arcane-engine\arcane engine core\debug\vec2.obj
c:\users\brady\documents\visual studio 2013\projects\arcane-engine\arcane engine core\debug\vec3.obj
c:\users\brady\documents\visual studio 2013\projects\arcane-engine\arcane engine core\debug\vec4.obj
c:\users\brady\documents\visual studio 2013\projects\arcane-engine\arcane engine core\debug\arcane e.fda7b389.tlog\cl.command.1.tlog
c:\users\brady\documents\visual studio 2013\projects\arcane-engine\arcane engine core\debug\arcane e.fda7b389.tlog\cl.read.1.tlog
c:\users\brady\documents\visual studio 2013\projects\arcane-engine\arcane engine core\debug\arcane e.fda7b389.tlog\cl.write.1.tlog
c:\users\brady\documents\visual studio 2013\projects\arcane-engine\arcane engine core\debug\arcane e.fda7b389.tlog\link.command.1.tlog
c:\users\brady\documents\visual studio 2013\projects\arcane-engine\arcane engine core\debug\arcane e.fda7b389.tlog\link.read.1.tlog
c:\users\brady\documents\visual studio 2013\projects\arcane-engine\arcane engine core\debug\arcane e.fda7b389.tlog\link.write.1.tlog
